C:\Users\bfredrickson\source\repos\ToDoListWebAPI\ToDoListWebAPI\ToDoListClient\dist\out-tsc\src\app\app.config.js
C:\Users\bfredrickson\source\repos\ToDoListWebAPI\ToDoListWebAPI\ToDoListClient\dist\out-tsc\src\app\app.config.js.map
C:\Users\bfredrickson\source\repos\ToDoListWebAPI\ToDoListWebAPI\ToDoListClient\dist\out-tsc\src\app\Models\User.js
C:\Users\bfredrickson\source\repos\ToDoListWebAPI\ToDoListWebAPI\ToDoListClient\dist\out-tsc\src\app\Models\User.js.map
C:\Users\bfredrickson\source\repos\ToDoListWebAPI\ToDoListWebAPI\ToDoListClient\dist\out-tsc\src\app\Services\auth.service.js
C:\Users\bfredrickson\source\repos\ToDoListWebAPI\ToDoListWebAPI\ToDoListClient\dist\out-tsc\src\app\Services\auth.service.js.map
C:\Users\bfredrickson\source\repos\ToDoListWebAPI\ToDoListWebAPI\ToDoListClient\dist\out-tsc\src\app\login\login.component.js
C:\Users\bfredrickson\source\repos\ToDoListWebAPI\ToDoListWebAPI\ToDoListClient\dist\out-tsc\src\app\login\login.component.js.map
C:\Users\bfredrickson\source\repos\ToDoListWebAPI\ToDoListWebAPI\ToDoListClient\dist\out-tsc\src\app\Services\auth-guard.service.js
C:\Users\bfredrickson\source\repos\ToDoListWebAPI\ToDoListWebAPI\ToDoListClient\dist\out-tsc\src\app\Services\auth-guard.service.js.map
C:\Users\bfredrickson\source\repos\ToDoListWebAPI\ToDoListWebAPI\ToDoListClient\dist\out-tsc\src\app\Models\ToDo.js
C:\Users\bfredrickson\source\repos\ToDoListWebAPI\ToDoListWebAPI\ToDoListClient\dist\out-tsc\src\app\Models\ToDo.js.map
C:\Users\bfredrickson\source\repos\ToDoListWebAPI\ToDoListWebAPI\ToDoListClient\dist\out-tsc\src\app\Services\todo.service.js
C:\Users\bfredrickson\source\repos\ToDoListWebAPI\ToDoListWebAPI\ToDoListClient\dist\out-tsc\src\app\Services\todo.service.js.map
C:\Users\bfredrickson\source\repos\ToDoListWebAPI\ToDoListWebAPI\ToDoListClient\dist\out-tsc\src\app\todo-add\todo-add.component.js
C:\Users\bfredrickson\source\repos\ToDoListWebAPI\ToDoListWebAPI\ToDoListClient\dist\out-tsc\src\app\todo-add\todo-add.component.js.map
C:\Users\bfredrickson\source\repos\ToDoListWebAPI\ToDoListWebAPI\ToDoListClient\dist\out-tsc\src\app\todo-delete\todo-delete.component.js
C:\Users\bfredrickson\source\repos\ToDoListWebAPI\ToDoListWebAPI\ToDoListClient\dist\out-tsc\src\app\todo-delete\todo-delete.component.js.map
C:\Users\bfredrickson\source\repos\ToDoListWebAPI\ToDoListWebAPI\ToDoListClient\dist\out-tsc\src\app\todo-list\todo-list.component.js
C:\Users\bfredrickson\source\repos\ToDoListWebAPI\ToDoListWebAPI\ToDoListClient\dist\out-tsc\src\app\todo-list\todo-list.component.js.map
C:\Users\bfredrickson\source\repos\ToDoListWebAPI\ToDoListWebAPI\ToDoListClient\dist\out-tsc\src\app\app-routing.module.js
C:\Users\bfredrickson\source\repos\ToDoListWebAPI\ToDoListWebAPI\ToDoListClient\dist\out-tsc\src\app\app-routing.module.js.map
C:\Users\bfredrickson\source\repos\ToDoListWebAPI\ToDoListWebAPI\ToDoListClient\dist\out-tsc\src\app\app.component.js
C:\Users\bfredrickson\source\repos\ToDoListWebAPI\ToDoListWebAPI\ToDoListClient\dist\out-tsc\src\app\app.component.js.map
C:\Users\bfredrickson\source\repos\ToDoListWebAPI\ToDoListWebAPI\ToDoListClient\dist\out-tsc\src\app\main-layout\header\header.component.js
C:\Users\bfredrickson\source\repos\ToDoListWebAPI\ToDoListWebAPI\ToDoListClient\dist\out-tsc\src\app\main-layout\header\header.component.js.map
C:\Users\bfredrickson\source\repos\ToDoListWebAPI\ToDoListWebAPI\ToDoListClient\dist\out-tsc\src\app\main-layout\main-layout.component.js
C:\Users\bfredrickson\source\repos\ToDoListWebAPI\ToDoListWebAPI\ToDoListClient\dist\out-tsc\src\app\main-layout\main-layout.component.js.map
C:\Users\bfredrickson\source\repos\ToDoListWebAPI\ToDoListWebAPI\ToDoListClient\dist\out-tsc\src\app\main-layout\menu\menu.component.js
C:\Users\bfredrickson\source\repos\ToDoListWebAPI\ToDoListWebAPI\ToDoListClient\dist\out-tsc\src\app\main-layout\menu\menu.component.js.map
C:\Users\bfredrickson\source\repos\ToDoListWebAPI\ToDoListWebAPI\ToDoListClient\dist\out-tsc\src\app\create-account\create-account.component.js
C:\Users\bfredrickson\source\repos\ToDoListWebAPI\ToDoListWebAPI\ToDoListClient\dist\out-tsc\src\app\create-account\create-account.component.js.map
C:\Users\bfredrickson\source\repos\ToDoListWebAPI\ToDoListWebAPI\ToDoListClient\dist\out-tsc\src\app\app.module.js
C:\Users\bfredrickson\source\repos\ToDoListWebAPI\ToDoListWebAPI\ToDoListClient\dist\out-tsc\src\app\app.module.js.map
C:\Users\bfredrickson\source\repos\ToDoListWebAPI\ToDoListWebAPI\ToDoListClient\dist\out-tsc\src\environments\environment.js
C:\Users\bfredrickson\source\repos\ToDoListWebAPI\ToDoListWebAPI\ToDoListClient\dist\out-tsc\src\environments\environment.js.map
C:\Users\bfredrickson\source\repos\ToDoListWebAPI\ToDoListWebAPI\ToDoListClient\dist\out-tsc\src\main.js
C:\Users\bfredrickson\source\repos\ToDoListWebAPI\ToDoListWebAPI\ToDoListClient\dist\out-tsc\src\main.js.map
C:\Users\bfredrickson\source\repos\ToDoListWebAPI\ToDoListWebAPI\ToDoListClient\dist\out-tsc\src\polyfills.js
C:\Users\bfredrickson\source\repos\ToDoListWebAPI\ToDoListWebAPI\ToDoListClient\dist\out-tsc\src\polyfills.js.map
C:\Users\bfredrickson\source\repos\ToDoListWebAPI\ToDoListWebAPI\ToDoListClient\dist\out-tsc\src\test.js
C:\Users\bfredrickson\source\repos\ToDoListWebAPI\ToDoListWebAPI\ToDoListClient\dist\out-tsc\src\test.js.map
C:\Users\bfredrickson\source\repos\ToDoListWebAPI\ToDoListWebAPI\ToDoListClient\dist\out-tsc\e2e\src\app.po.js
C:\Users\bfredrickson\source\repos\ToDoListWebAPI\ToDoListWebAPI\ToDoListClient\dist\out-tsc\e2e\src\app.po.js.map
C:\Users\bfredrickson\source\repos\ToDoListWebAPI\ToDoListWebAPI\ToDoListClient\dist\out-tsc\e2e\src\app.e2e-spec.js
C:\Users\bfredrickson\source\repos\ToDoListWebAPI\ToDoListWebAPI\ToDoListClient\dist\out-tsc\e2e\src\app.e2e-spec.js.map
C:\Users\bfredrickson\source\repos\ToDoListWebAPI\ToDoListWebAPI\ToDoListClient\dist\out-tsc\src\app\app.component.spec.js
C:\Users\bfredrickson\source\repos\ToDoListWebAPI\ToDoListWebAPI\ToDoListClient\dist\out-tsc\src\app\app.component.spec.js.map
C:\Users\bfredrickson\source\repos\ToDoListWebAPI\ToDoListWebAPI\ToDoListClient\dist\out-tsc\src\environments\environment.prod.js
C:\Users\bfredrickson\source\repos\ToDoListWebAPI\ToDoListWebAPI\ToDoListClient\dist\out-tsc\src\environments\environment.prod.js.map
C:\Users\bfredrickson\source\repos\ToDoListWebAPI\ToDoListWebAPI\ToDoListClient\dist\out-tsc\src\app\create-account\create-account.component.spec.js
C:\Users\bfredrickson\source\repos\ToDoListWebAPI\ToDoListWebAPI\ToDoListClient\dist\out-tsc\src\app\create-account\create-account.component.spec.js.map
C:\Users\bfredrickson\source\repos\ToDoListWebAPI\ToDoListWebAPI\ToDoListClient\dist\out-tsc\src\app\login\login.component.spec.js
C:\Users\bfredrickson\source\repos\ToDoListWebAPI\ToDoListWebAPI\ToDoListClient\dist\out-tsc\src\app\login\login.component.spec.js.map
C:\Users\bfredrickson\source\repos\ToDoListWebAPI\ToDoListWebAPI\ToDoListClient\dist\out-tsc\src\app\main-layout\main-layout.component.spec.js
C:\Users\bfredrickson\source\repos\ToDoListWebAPI\ToDoListWebAPI\ToDoListClient\dist\out-tsc\src\app\main-layout\main-layout.component.spec.js.map
C:\Users\bfredrickson\source\repos\ToDoListWebAPI\ToDoListWebAPI\ToDoListClient\dist\out-tsc\src\app\Services\auth-guard.service.spec.js
C:\Users\bfredrickson\source\repos\ToDoListWebAPI\ToDoListWebAPI\ToDoListClient\dist\out-tsc\src\app\Services\auth-guard.service.spec.js.map
C:\Users\bfredrickson\source\repos\ToDoListWebAPI\ToDoListWebAPI\ToDoListClient\dist\out-tsc\src\app\Services\auth.service.spec.js
C:\Users\bfredrickson\source\repos\ToDoListWebAPI\ToDoListWebAPI\ToDoListClient\dist\out-tsc\src\app\Services\auth.service.spec.js.map
C:\Users\bfredrickson\source\repos\ToDoListWebAPI\ToDoListWebAPI\ToDoListClient\dist\out-tsc\src\app\Services\todo.service.spec.js
C:\Users\bfredrickson\source\repos\ToDoListWebAPI\ToDoListWebAPI\ToDoListClient\dist\out-tsc\src\app\Services\todo.service.spec.js.map
C:\Users\bfredrickson\source\repos\ToDoListWebAPI\ToDoListWebAPI\ToDoListClient\dist\out-tsc\src\app\todo-add\todo-add.component.spec.js
C:\Users\bfredrickson\source\repos\ToDoListWebAPI\ToDoListWebAPI\ToDoListClient\dist\out-tsc\src\app\todo-add\todo-add.component.spec.js.map
C:\Users\bfredrickson\source\repos\ToDoListWebAPI\ToDoListWebAPI\ToDoListClient\dist\out-tsc\src\app\todo-delete\todo-delete.component.spec.js
C:\Users\bfredrickson\source\repos\ToDoListWebAPI\ToDoListWebAPI\ToDoListClient\dist\out-tsc\src\app\todo-delete\todo-delete.component.spec.js.map
C:\Users\bfredrickson\source\repos\ToDoListWebAPI\ToDoListWebAPI\ToDoListClient\dist\out-tsc\src\app\todo-list\todo-list.component.spec.js
C:\Users\bfredrickson\source\repos\ToDoListWebAPI\ToDoListWebAPI\ToDoListClient\dist\out-tsc\src\app\todo-list\todo-list.component.spec.js.map
C:\Users\bfredrickson\source\repos\ToDoListWebAPI\ToDoListWebAPI\ToDoListClient\dist\out-tsc\src\app\main-layout\header\header.component.spec.js
C:\Users\bfredrickson\source\repos\ToDoListWebAPI\ToDoListWebAPI\ToDoListClient\dist\out-tsc\src\app\main-layout\header\header.component.spec.js.map
C:\Users\bfredrickson\source\repos\ToDoListWebAPI\ToDoListWebAPI\ToDoListClient\dist\out-tsc\src\app\main-layout\menu\menu.component.spec.js
C:\Users\bfredrickson\source\repos\ToDoListWebAPI\ToDoListWebAPI\ToDoListClient\dist\out-tsc\src\app\main-layout\menu\menu.component.spec.js.map
